<?xml version="1.0" encoding="UTF-8"?>
<!-- Generated by org.testng.reporters.JUnitReportReporter -->
<testsuite skipped="0" hostname="user-PC" name="testScript.Test2" tests="1" failures="0" timestamp="03 Jun 2018 04:27:53 GMT" time="28.254" errors="0">
  <testcase name="testFaceBookHkome" time="28.254" classname="testScript.Test2"/>
</testsuite> <!-- testScript.Test2 -->
